2017-11-09 16:04:22.178  INFO 2380 --- [main] com.teeny.wms.WmsApplication             : Starting WmsApplication on zp with PID 2380 (D:\Workspace\wms\web\springboot\target\classes started by zp in D:\Workspace\wms\web\springboot)
2017-11-09 16:04:22.180  INFO 2380 --- [main] com.teeny.wms.WmsApplication             : No active profile set, falling back to default profiles: default
2017-11-09 16:04:22.237  INFO 2380 --- [main] ationConfigEmbeddedWebApplicationContext : Refreshing org.springframework.boot.context.embedded.AnnotationConfigEmbeddedWebApplicationContext@77fbd92c: startup date [Thu Nov 09 16:04:22 CST 2017]; root of context hierarchy
2017-11-09 16:04:22.914  INFO 2380 --- [main] f.a.AutowiredAnnotationBeanPostProcessor : JSR-330 'javax.inject.Inject' annotation found and supported for autowiring
2017-11-09 16:04:23.164  INFO 2380 --- [main] s.b.c.e.t.TomcatEmbeddedServletContainer : Tomcat initialized with port(s): 8080 (http)
2017-11-09 16:04:23.169  INFO 2380 --- [main] o.apache.catalina.core.StandardService   : Starting service [Tomcat]
2017-11-09 16:04:23.170  INFO 2380 --- [main] org.apache.catalina.core.StandardEngine  : Starting Servlet Engine: Apache Tomcat/8.5.23
2017-11-09 16:04:23.246  INFO 2380 --- [localhost-startStop-1] o.a.c.c.C.[Tomcat].[localhost].[/wms]    : Initializing Spring embedded WebApplicationContext
2017-11-09 16:04:23.246  INFO 2380 --- [localhost-startStop-1] o.s.web.context.ContextLoader            : Root WebApplicationContext: initialization completed in 1013 ms
2017-11-09 16:04:23.386  INFO 2380 --- [localhost-startStop-1] o.s.b.w.servlet.FilterRegistrationBean   : Mapping filter: 'characterEncodingFilter' to: [/*]
2017-11-09 16:04:23.386  INFO 2380 --- [localhost-startStop-1] o.s.b.w.servlet.FilterRegistrationBean   : Mapping filter: 'hiddenHttpMethodFilter' to: [/*]
2017-11-09 16:04:23.386  INFO 2380 --- [localhost-startStop-1] o.s.b.w.servlet.FilterRegistrationBean   : Mapping filter: 'httpPutFormContentFilter' to: [/*]
2017-11-09 16:04:23.386  INFO 2380 --- [localhost-startStop-1] o.s.b.w.servlet.FilterRegistrationBean   : Mapping filter: 'requestContextFilter' to: [/*]
2017-11-09 16:04:23.387  INFO 2380 --- [localhost-startStop-1] .s.DelegatingFilterProxyRegistrationBean : Mapping filter: 'springSecurityFilterChain' to: [/*]
2017-11-09 16:04:23.387  INFO 2380 --- [localhost-startStop-1] o.s.b.w.servlet.FilterRegistrationBean   : Mapping filter: 'webStatFilter' to urls: [/*]
2017-11-09 16:04:23.387  INFO 2380 --- [localhost-startStop-1] o.s.b.w.servlet.ServletRegistrationBean  : Mapping servlet: 'dispatcherServlet' to [/]
2017-11-09 16:04:23.388  INFO 2380 --- [localhost-startStop-1] o.s.b.w.servlet.ServletRegistrationBean  : Mapping servlet: 'statViewServlet' to [/druid/*]
2017-11-09 16:04:23.979  INFO 2380 --- [main] s.w.s.m.m.a.RequestMappingHandlerAdapter : Looking for @ControllerAdvice: org.springframework.boot.context.embedded.AnnotationConfigEmbeddedWebApplicationContext@77fbd92c: startup date [Thu Nov 09 16:04:22 CST 2017]; root of context hierarchy
2017-11-09 16:04:24.015  INFO 2380 --- [main] s.w.s.m.m.a.RequestMappingHandlerMapping : Mapped "{[/error],produces=[application/json;charset=UTF-8]}" onto public com.teeny.wms.app.model.ResponseEntity com.teeny.wms.app.exception.handler.HttpExceptionHandler.error()
2017-11-09 16:04:24.020  INFO 2380 --- [main] s.w.s.m.m.a.RequestMappingHandlerMapping : Mapped "{[/api/transfer/update],methods=[POST]}" onto com.teeny.wms.app.model.ResponseEntity<com.teeny.wms.web.model.EmptyEntity> com.teeny.wms.web.controller.AllotController.update(com.teeny.wms.web.model.request.AllotListRequestEntity,java.lang.String)
2017-11-09 16:04:24.020  INFO 2380 --- [main] s.w.s.m.m.a.RequestMappingHandlerMapping : Mapped "{[/api/transfer/updateAll],methods=[POST]}" onto com.teeny.wms.app.model.ResponseEntity<com.teeny.wms.web.model.EmptyEntity> com.teeny.wms.web.controller.AllotController.complete(java.util.List<java.lang.Integer>,java.lang.String)
2017-11-09 16:04:24.020  INFO 2380 --- [main] s.w.s.m.m.a.RequestMappingHandlerMapping : Mapped "{[/api/transfer/list],methods=[GET]}" onto com.teeny.wms.app.model.ResponseEntity<java.util.List<com.teeny.wms.web.model.response.AllotEntity>> com.teeny.wms.web.controller.AllotController.getList(java.lang.String,java.lang.String,int,int,java.lang.String)
2017-11-09 16:04:24.021  INFO 2380 --- [main] s.w.s.m.m.a.RequestMappingHandlerMapping : Mapped "{[/api/transfer/goodsCode],methods=[GET]}" onto com.teeny.wms.app.model.ResponseEntity<java.util.List<com.teeny.wms.app.model.KeyValueEntity>> com.teeny.wms.web.controller.AllotController.getGoodsList(java.lang.String,int,int)
2017-11-09 16:04:24.021  INFO 2380 --- [main] s.w.s.m.m.a.RequestMappingHandlerMapping : Mapped "{[/api/transfer/billList],methods=[GET]}" onto com.teeny.wms.app.model.ResponseEntity<java.util.List<com.teeny.wms.app.model.KeyValueEntity>> com.teeny.wms.web.controller.AllotController.getDocumentList(int,int,java.lang.String)
2017-11-09 16:04:24.021  INFO 2380 --- [main] s.w.s.m.m.a.RequestMappingHandlerMapping : Mapped "{[/api/transfer/getLocations/{id}],methods=[GET]}" onto com.teeny.wms.app.model.ResponseEntity<java.util.List<com.teeny.wms.web.model.response.AllocationEntity>> com.teeny.wms.web.controller.AllotController.getLocations(int,java.lang.String)
2017-11-09 16:04:24.021  INFO 2380 --- [main] s.w.s.m.m.a.RequestMappingHandlerMapping : Mapped "{[/api/transfer/warehouseList],methods=[GET]}" onto com.teeny.wms.app.model.ResponseEntity<java.util.List<com.teeny.wms.app.model.KeyValueEntity>> com.teeny.wms.web.controller.AllotController.getWarehouseList(java.lang.String)
2017-11-09 16:04:24.021  INFO 2380 --- [main] s.w.s.m.m.a.RequestMappingHandlerMapping : Mapped "{[/api/transfer/updateOne],methods=[POST]}" onto com.teeny.wms.app.model.ResponseEntity<com.teeny.wms.web.model.EmptyEntity> com.teeny.wms.web.controller.AllotController.single(int,java.lang.String)
2017-11-09 16:04:24.021  INFO 2380 --- [main] s.w.s.m.m.a.RequestMappingHandlerMapping : Mapped "{[/api/transfer/saList/{id}],methods=[GET]}" onto com.teeny.wms.app.model.ResponseEntity<java.util.List<com.teeny.wms.app.model.KeyValueEntity>> com.teeny.wms.web.controller.AllotController.getAreaList(int,java.lang.String)
2017-11-09 16:04:24.022  INFO 2380 --- [main] s.w.s.m.m.a.RequestMappingHandlerMapping : Mapped "{[/log/test],methods=[GET]}" onto public com.teeny.wms.app.model.ResponseEntity<com.teeny.wms.web.model.EmptyEntity> com.teeny.wms.web.controller.CommonController.test()
2017-11-09 16:04:24.024  INFO 2380 --- [main] s.w.s.m.m.a.RequestMappingHandlerMapping : Mapped "{[/api/home/username],methods=[GET]}" onto public com.teeny.wms.app.model.ResponseEntity<java.lang.String> com.teeny.wms.web.controller.CommonController.getUsername()
2017-11-09 16:04:24.024  INFO 2380 --- [main] s.w.s.m.m.a.RequestMappingHandlerMapping : Mapped "{[/api/common/historyLocation],methods=[GET]}" onto public com.teeny.wms.app.model.ResponseEntity<java.util.List<com.teeny.wms.app.model.StringMapEntity>> com.teeny.wms.web.controller.CommonController.getHistoryLocation(java.lang.String,int)
2017-11-09 16:04:24.024  INFO 2380 --- [main] s.w.s.m.m.a.RequestMappingHandlerMapping : Mapped "{[/api/home/documentList],methods=[GET]}" onto public com.teeny.wms.app.model.ResponseEntity<com.teeny.wms.web.model.response.DocumentResponseEntity> com.teeny.wms.web.controller.CommonController.getDocumentInfo(java.lang.String,int)
2017-11-09 16:04:24.024  INFO 2380 --- [main] s.w.s.m.m.a.RequestMappingHandlerMapping : Mapped "{[/api/home/warehouseList],methods=[GET]}" onto public com.teeny.wms.app.model.ResponseEntity<java.util.List<com.teeny.wms.app.model.KeyValueEntity>> com.teeny.wms.web.controller.CommonController.getWarehouseList(java.lang.String)
2017-11-09 16:04:24.027  INFO 2380 --- [main] s.w.s.m.m.a.RequestMappingHandlerMapping : Mapped "{[/api/warehouseFirst/addInventory || /api/shopFirst/addInventory || /api/secondInventory/addInventory],methods=[PUT]}" onto public com.teeny.wms.app.model.ResponseEntity<com.teeny.wms.web.model.EmptyEntity> com.teeny.wms.web.controller.InventoryController.add(javax.servlet.http.HttpServletRequest,com.teeny.wms.web.model.request.InventoryAddRequestEntity,java.lang.String,int)
2017-11-09 16:04:24.027  INFO 2380 --- [main] s.w.s.m.m.a.RequestMappingHandlerMapping : Mapped "{[/api/warehouseFirst/complete || /api/shopFirst/complete || /api/secondInventory/complete],methods=[POST]}" onto public com.teeny.wms.app.model.ResponseEntity<com.teeny.wms.web.model.EmptyEntity> com.teeny.wms.web.controller.InventoryController.complete(java.util.List<java.lang.Integer>,java.lang.String)
2017-11-09 16:04:24.027  INFO 2380 --- [main] s.w.s.m.m.a.RequestMappingHandlerMapping : Mapped "{[/api/warehouseFirst/getLotList || /api/shopFirst/getLotList || /api/secondInventory/getLotList],methods=[GET]}" onto public com.teeny.wms.app.model.ResponseEntity<java.util.List<com.teeny.wms.web.model.request.LotEntity>> com.teeny.wms.web.controller.InventoryController.getLotList(int,java.lang.String)
2017-11-09 16:04:24.027  INFO 2380 --- [main] s.w.s.m.m.a.RequestMappingHandlerMapping : Mapped "{[/api/warehouseFirst/pdType || /api/shopFirst/pdType || /api/secondInventory/pdType],methods=[GET]}" onto public com.teeny.wms.app.model.ResponseEntity<java.util.List<com.teeny.wms.app.model.KeyValueEntity>> com.teeny.wms.web.controller.InventoryController.getPdType(javax.servlet.http.HttpServletRequest,java.lang.String,int)
2017-11-09 16:04:24.028  INFO 2380 --- [main] s.w.s.m.m.a.RequestMappingHandlerMapping : Mapped "{[/api/warehouseFirst/edit || /api/shopFirst/edit || /api/secondInventory/edit],methods=[POST]}" onto public com.teeny.wms.app.model.ResponseEntity<com.teeny.wms.web.model.EmptyEntity> com.teeny.wms.web.controller.InventoryController.edit(com.teeny.wms.web.model.request.InventoryRequestEntity,java.lang.String)
2017-11-09 16:04:24.028  INFO 2380 --- [main] s.w.s.m.m.a.RequestMappingHandlerMapping : Mapped "{[/api/warehouseFirst/getList || /api/shopFirst/getList || /api/secondInventory/getList],methods=[GET]}" onto public com.teeny.wms.app.model.ResponseEntity<java.util.List<com.teeny.wms.web.model.response.InventoryGoodsEntity>> com.teeny.wms.web.controller.InventoryController.getInventoryList(javax.servlet.http.HttpServletRequest,int,java.lang.String)
2017-11-09 16:04:24.028  INFO 2380 --- [main] s.w.s.m.m.a.RequestMappingHandlerMapping : Mapped "{[/api/warehouseFirst/single || /api/shopFirst/single || /api/secondInventory/single],methods=[POST]}" onto public com.teeny.wms.app.model.ResponseEntity<java.lang.Integer> com.teeny.wms.web.controller.InventoryController.single(int,java.lang.String)
2017-11-09 16:04:24.030  INFO 2380 --- [main] s.w.s.m.m.a.RequestMappingHandlerMapping : Mapped "{[/api/shelve/all],methods=[POST]}" onto public com.teeny.wms.app.model.ResponseEntity<com.teeny.wms.web.model.EmptyEntity> com.teeny.wms.web.controller.PutawayController.all(java.util.List<java.lang.Integer>,java.lang.String)
2017-11-09 16:04:24.030  INFO 2380 --- [main] s.w.s.m.m.a.RequestMappingHandlerMapping : Mapped "{[/api/shelve/update],methods=[POST]}" onto public com.teeny.wms.app.model.ResponseEntity<com.teeny.wms.web.model.EmptyEntity> com.teeny.wms.web.controller.PutawayController.update(com.teeny.wms.web.model.request.AllotListRequestEntity,java.lang.String)
2017-11-09 16:04:24.031  INFO 2380 --- [main] s.w.s.m.m.a.RequestMappingHandlerMapping : Mapped "{[/api/shelve/goodsDetailList/{orderNo}],methods=[GET]}" onto public com.teeny.wms.app.model.ResponseEntity<java.util.List<com.teeny.wms.web.model.response.PutawayEntity>> com.teeny.wms.web.controller.PutawayController.getGoodsDetailList(java.lang.String,java.lang.String)
2017-11-09 16:04:24.031  INFO 2380 --- [main] s.w.s.m.m.a.RequestMappingHandlerMapping : Mapped "{[/api/shelve/saList],methods=[GET]}" onto public com.teeny.wms.app.model.ResponseEntity<java.util.List<com.teeny.wms.app.model.KeyValueEntity>> com.teeny.wms.web.controller.PutawayController.getSaList(java.lang.String,int)
2017-11-09 16:04:24.031  INFO 2380 --- [main] s.w.s.m.m.a.RequestMappingHandlerMapping : Mapped "{[/api/shelve/billList/{saId}],methods=[GET]}" onto public com.teeny.wms.app.model.ResponseEntity<java.util.List<com.teeny.wms.app.model.KeyValueEntity>> com.teeny.wms.web.controller.PutawayController.getOrderNoList(int,java.lang.String,int)
2017-11-09 16:04:24.031  INFO 2380 --- [main] s.w.s.m.m.a.RequestMappingHandlerMapping : Mapped "{[/api/shelve/locationList/{id}],methods=[GET]}" onto public com.teeny.wms.app.model.ResponseEntity<java.util.List<com.teeny.wms.web.model.response.AllocationEntity>> com.teeny.wms.web.controller.PutawayController.getLocationList(int,java.lang.String)
2017-11-09 16:04:24.031  INFO 2380 --- [main] s.w.s.m.m.a.RequestMappingHandlerMapping : Mapped "{[/api/shelve/single],methods=[POST]}" onto public com.teeny.wms.app.model.ResponseEntity<com.teeny.wms.web.model.EmptyEntity> com.teeny.wms.web.controller.PutawayController.single(int,java.lang.String)
2017-11-09 16:04:24.032  INFO 2380 --- [main] s.w.s.m.m.a.RequestMappingHandlerMapping : Mapped "{[/api/acceptance/complete],methods=[POST]}" onto public com.teeny.wms.app.model.ResponseEntity<com.teeny.wms.web.model.EmptyEntity> com.teeny.wms.web.controller.ReceivingController.complete(java.lang.String,com.teeny.wms.web.model.request.ReceivingRequestEntity)
2017-11-09 16:04:24.032  INFO 2380 --- [main] s.w.s.m.m.a.RequestMappingHandlerMapping : Mapped "{[/api/acceptance/detail],methods=[GET]}" onto public com.teeny.wms.app.model.ResponseEntity<java.util.List<com.teeny.wms.web.model.response.ReceivingEntity>> com.teeny.wms.web.controller.ReceivingController.getDetailByOrderNo(java.lang.String,java.lang.String)
2017-11-09 16:04:24.033  INFO 2380 --- [main] s.w.s.m.m.a.RequestMappingHandlerMapping : Mapped "{[/api/acceptance/detail/{id}],methods=[GET]}" onto public com.teeny.wms.app.model.ResponseEntity<java.util.List<com.teeny.wms.web.model.response.ReceivingEntity>> com.teeny.wms.web.controller.ReceivingController.getDetailByUnitId(java.lang.String,int)
2017-11-09 16:04:24.033  INFO 2380 --- [main] s.w.s.m.m.a.RequestMappingHandlerMapping : Mapped "{[/api/acceptance/unit],methods=[GET]}" onto public com.teeny.wms.app.model.ResponseEntity<java.util.List<com.teeny.wms.app.model.KeyValueEntity>> com.teeny.wms.web.controller.ReceivingController.getUnitList(java.lang.String,int)
2017-11-09 16:04:24.033  INFO 2380 --- [main] s.w.s.m.m.a.RequestMappingHandlerMapping : Mapped "{[/api/acceptance/lots/{id}],methods=[GET]}" onto public com.teeny.wms.app.model.ResponseEntity<java.util.List<com.teeny.wms.web.model.response.ReceivingLotEntity>> com.teeny.wms.web.controller.ReceivingController.getLotList(java.lang.String,int)
2017-11-09 16:04:24.034  INFO 2380 --- [main] s.w.s.m.m.a.RequestMappingHandlerMapping : Mapped "{[/api/recheck/complete],methods=[POST]}" onto public com.teeny.wms.app.model.ResponseEntity<com.teeny.wms.web.model.EmptyEntity> com.teeny.wms.web.controller.ReviewController.complete(com.teeny.wms.web.model.request.ExWarehouseReviewRequestEntity,java.lang.String)
2017-11-09 16:04:24.034  INFO 2380 --- [main] s.w.s.m.m.a.RequestMappingHandlerMapping : Mapped "{[/api/recheck/exWarehouseReview/{billNo}],methods=[GET]}" onto public com.teeny.wms.app.model.ResponseEntity<com.teeny.wms.web.model.response.ExWarehouseReviewEntity> com.teeny.wms.web.controller.ReviewController.detail(java.lang.String,java.lang.String)
2017-11-09 16:04:24.034  INFO 2380 --- [main] s.w.s.m.m.a.RequestMappingHandlerMapping : Mapped "{[/api/recheck/replenishment],methods=[GET]}" onto public com.teeny.wms.app.model.ResponseEntity<java.lang.Integer> com.teeny.wms.web.controller.ReviewController.getReplenishmentCount(java.lang.String,int)
2017-11-09 16:04:24.034  INFO 2380 --- [main] s.w.s.m.m.a.RequestMappingHandlerMapping : Mapped "{[/api/recheck/recipients],methods=[GET]}" onto public com.teeny.wms.app.model.ResponseEntity<java.util.List<com.teeny.wms.web.model.response.RecipientEntity>> com.teeny.wms.web.controller.ReviewController.getRecipient(java.lang.String,int)
2017-11-09 16:04:24.034  INFO 2380 --- [main] s.w.s.m.m.a.RequestMappingHandlerMapping : Mapped "{[/api/recheck/bills],methods=[GET]}" onto public com.teeny.wms.app.model.ResponseEntity<java.util.List<com.teeny.wms.app.model.KeyValueEntity>> com.teeny.wms.web.controller.ReviewController.getBillList(java.lang.String,int)
2017-11-09 16:04:24.035  INFO 2380 --- [main] s.w.s.m.m.a.RequestMappingHandlerMapping : Mapped "{[/oauth/token],methods=[GET]}" onto public com.teeny.wms.app.model.ResponseEntity<com.teeny.wms.web.model.UserEntity> com.teeny.wms.web.controller.SignController.refreshToken()
2017-11-09 16:04:24.035  INFO 2380 --- [main] s.w.s.m.m.a.RequestMappingHandlerMapping : Mapped "{[/logout],methods=[POST]}" onto public com.teeny.wms.app.model.ResponseEntity<com.teeny.wms.web.model.EmptyEntity> com.teeny.wms.web.controller.SignController.logout()
2017-11-09 16:04:24.035  INFO 2380 --- [main] s.w.s.m.m.a.RequestMappingHandlerMapping : Mapped "{[/log/accountSets],methods=[GET]}" onto public com.teeny.wms.app.model.ResponseEntity<java.util.List<com.teeny.wms.app.model.StringMapEntity>> com.teeny.wms.web.controller.SignController.getAccountSet()
2017-11-09 16:04:24.035  INFO 2380 --- [main] s.w.s.m.m.a.RequestMappingHandlerMapping : Mapped "{[/login],methods=[POST]}" onto public com.teeny.wms.app.model.ResponseEntity<com.teeny.wms.web.model.UserEntity> com.teeny.wms.web.controller.SignController.login()
2017-11-09 16:04:24.036  INFO 2380 --- [main] s.w.s.m.m.a.RequestMappingHandlerMapping : Mapped "{[/api/productsInventory/add],methods=[PUT]}" onto public com.teeny.wms.app.model.ResponseEntity<com.teeny.wms.web.model.EmptyEntity> com.teeny.wms.web.controller.SKUController.add(com.teeny.wms.web.model.request.SKUAddRequestEntity,java.lang.String,int)
2017-11-09 16:04:24.036  INFO 2380 --- [main] s.w.s.m.m.a.RequestMappingHandlerMapping : Mapped "{[/api/productsInventory/update],methods=[POST]}" onto public com.teeny.wms.app.model.ResponseEntity<com.teeny.wms.web.model.EmptyEntity> com.teeny.wms.web.controller.SKUController.save(com.teeny.wms.web.model.request.SKUAddRequestEntity,java.lang.String,int)
2017-11-09 16:04:24.036  INFO 2380 --- [main] s.w.s.m.m.a.RequestMappingHandlerMapping : Mapped "{[/api/productsInventory/detail],methods=[GET]}" onto public com.teeny.wms.app.model.ResponseEntity<com.teeny.wms.web.model.response.GoodsDetailEntity> com.teeny.wms.web.controller.SKUController.getGoodsDetail(java.lang.String,java.lang.String)
2017-11-09 16:04:24.036  INFO 2380 --- [main] s.w.s.m.m.a.RequestMappingHandlerMapping : Mapped "{[/api/productsInventory/getList],methods=[GET]}" onto com.teeny.wms.app.model.ResponseEntity<java.util.List<com.teeny.wms.web.model.response.SKUEntity>> com.teeny.wms.web.controller.SKUController.getList(int,java.lang.String,java.lang.String,java.lang.String)
2017-11-09 16:04:24.052  INFO 2380 --- [main] o.s.w.s.handler.SimpleUrlHandlerMapping  : Mapped URL path [/webjars/**] onto handler of type [class org.springframework.web.servlet.resource.ResourceHttpRequestHandler]
2017-11-09 16:04:24.052  INFO 2380 --- [main] o.s.w.s.handler.SimpleUrlHandlerMapping  : Mapped URL path [/**] onto handler of type [class org.springframework.web.servlet.resource.ResourceHttpRequestHandler]
2017-11-09 16:04:24.063  INFO 2380 --- [main] .m.m.a.ExceptionHandlerExceptionResolver : Detected @ExceptionHandler methods in appExceptionHandler
2017-11-09 16:04:24.075  INFO 2380 --- [main] o.s.w.s.handler.SimpleUrlHandlerMapping  : Mapped URL path [/**/favicon.ico] onto handler of type [class org.springframework.web.servlet.resource.ResourceHttpRequestHandler]
2017-11-09 16:04:24.242 DEBUG 2380 --- [main] eGlobalAuthenticationAutowiredConfigurer : Eagerly initializing {org.springframework.boot.autoconfigure.security.SpringBootWebSecurityConfiguration=org.springframework.boot.autoconfigure.security.SpringBootWebSecurityConfiguration$$EnhancerBySpringCGLIB$$dc1bbb7d@35f7969d}
2017-11-09 16:04:24.371  INFO 2380 --- [main] o.s.s.web.DefaultSecurityFilterChain     : Creating filter chain: OrRequestMatcher [requestMatchers=[Ant [pattern='/css/**'], Ant [pattern='/js/**'], Ant [pattern='/images/**'], Ant [pattern='/webjars/**'], Ant [pattern='/**/favicon.ico'], Ant [pattern='/error']]], []
2017-11-09 16:04:24.400  INFO 2380 --- [main] o.s.s.web.DefaultSecurityFilterChain     : Creating filter chain: org.springframework.boot.autoconfigure.security.SpringBootWebSecurityConfiguration$ApplicationNoWebSecurityConfigurerAdapter$1@424f02b8, [org.springframework.security.web.context.request.async.WebAsyncManagerIntegrationFilter@2ad7bd26, org.springframework.security.web.context.SecurityContextPersistenceFilter@681de87f, org.springframework.security.web.header.HeaderWriterFilter@35e74e08, org.springframework.security.web.csrf.CsrfFilter@7ac48f05, org.springframework.security.web.authentication.logout.LogoutFilter@661e1399, org.springframework.security.web.savedrequest.RequestCacheAwareFilter@2674d4f6, org.springframework.security.web.servletapi.SecurityContextHolderAwareRequestFilter@2a5abd3c, org.springframework.security.web.authentication.AnonymousAuthenticationFilter@3cc3f13e, org.springframework.security.web.session.SessionManagementFilter@5c234920, org.springframework.security.web.access.ExceptionTranslationFilter@7159d601]
2017-11-09 16:04:24.490  INFO 2380 --- [main] o.s.j.e.a.AnnotationMBeanExporter        : Registering beans for JMX exposure on startup
2017-11-09 16:04:24.491  INFO 2380 --- [main] o.s.j.e.a.AnnotationMBeanExporter        : Bean with name 'statFilter' has been autodetected for JMX exposure
2017-11-09 16:04:24.491  INFO 2380 --- [main] o.s.j.e.a.AnnotationMBeanExporter        : Bean with name 'dataSource' has been autodetected for JMX exposure
2017-11-09 16:04:24.494  INFO 2380 --- [main] o.s.j.e.a.AnnotationMBeanExporter        : Located MBean 'dataSource': registering with JMX server as MBean [com.alibaba.druid.spring.boot.autoconfigure:name=dataSource,type=DruidDataSourceWrapper]
2017-11-09 16:04:24.495  INFO 2380 --- [main] o.s.j.e.a.AnnotationMBeanExporter        : Located MBean 'statFilter': registering with JMX server as MBean [com.alibaba.druid.filter.stat:name=statFilter,type=StatFilter]
2017-11-09 16:04:24.524  INFO 2380 --- [main] s.b.c.e.t.TomcatEmbeddedServletContainer : Tomcat started on port(s): 8080 (http)
2017-11-09 16:04:24.526  INFO 2380 --- [main] com.teeny.wms.WmsApplication             : server started.
2017-11-09 16:04:24.527  INFO 2380 --- [main] com.teeny.wms.WmsApplication             : Started WmsApplication in 2.612 seconds (JVM running for 3.084)
2017-11-09 16:12:19.323  INFO 7696 --- [main] com.teeny.wms.WmsApplication             : Starting WmsApplication on zp with PID 7696 (D:\Workspace\wms\web\springboot\target\classes started by zp in D:\Workspace\wms\web\springboot)
2017-11-09 16:12:19.325  INFO 7696 --- [main] com.teeny.wms.WmsApplication             : No active profile set, falling back to default profiles: default
2017-11-09 16:12:19.365  INFO 7696 --- [main] ationConfigEmbeddedWebApplicationContext : Refreshing org.springframework.boot.context.embedded.AnnotationConfigEmbeddedWebApplicationContext@2f9f7dcf: startup date [Thu Nov 09 16:12:19 CST 2017]; root of context hierarchy
2017-11-09 16:12:19.947  INFO 7696 --- [main] f.a.AutowiredAnnotationBeanPostProcessor : JSR-330 'javax.inject.Inject' annotation found and supported for autowiring
2017-11-09 16:12:20.200  INFO 7696 --- [main] s.b.c.e.t.TomcatEmbeddedServletContainer : Tomcat initialized with port(s): 8080 (http)
2017-11-09 16:12:20.205  INFO 7696 --- [main] o.apache.catalina.core.StandardService   : Starting service [Tomcat]
2017-11-09 16:12:20.206  INFO 7696 --- [main] org.apache.catalina.core.StandardEngine  : Starting Servlet Engine: Apache Tomcat/8.5.23
2017-11-09 16:12:20.281  INFO 7696 --- [localhost-startStop-1] o.a.c.c.C.[Tomcat].[localhost].[/wms]    : Initializing Spring embedded WebApplicationContext
2017-11-09 16:12:20.282  INFO 7696 --- [localhost-startStop-1] o.s.web.context.ContextLoader            : Root WebApplicationContext: initialization completed in 921 ms
2017-11-09 16:12:20.416  INFO 7696 --- [localhost-startStop-1] o.s.b.w.servlet.FilterRegistrationBean   : Mapping filter: 'characterEncodingFilter' to: [/*]
2017-11-09 16:12:20.416  INFO 7696 --- [localhost-startStop-1] o.s.b.w.servlet.FilterRegistrationBean   : Mapping filter: 'hiddenHttpMethodFilter' to: [/*]
2017-11-09 16:12:20.416  INFO 7696 --- [localhost-startStop-1] o.s.b.w.servlet.FilterRegistrationBean   : Mapping filter: 'httpPutFormContentFilter' to: [/*]
2017-11-09 16:12:20.416  INFO 7696 --- [localhost-startStop-1] o.s.b.w.servlet.FilterRegistrationBean   : Mapping filter: 'requestContextFilter' to: [/*]
2017-11-09 16:12:20.416  INFO 7696 --- [localhost-startStop-1] .s.DelegatingFilterProxyRegistrationBean : Mapping filter: 'springSecurityFilterChain' to: [/*]
2017-11-09 16:12:20.417  INFO 7696 --- [localhost-startStop-1] o.s.b.w.servlet.FilterRegistrationBean   : Mapping filter: 'webStatFilter' to urls: [/*]
2017-11-09 16:12:20.417  INFO 7696 --- [localhost-startStop-1] o.s.b.w.servlet.ServletRegistrationBean  : Mapping servlet: 'dispatcherServlet' to [/]
2017-11-09 16:12:20.417  INFO 7696 --- [localhost-startStop-1] o.s.b.w.servlet.ServletRegistrationBean  : Mapping servlet: 'statViewServlet' to [/druid/*]
2017-11-09 16:12:21.007  INFO 7696 --- [main] s.w.s.m.m.a.RequestMappingHandlerAdapter : Looking for @ControllerAdvice: org.springframework.boot.context.embedded.AnnotationConfigEmbeddedWebApplicationContext@2f9f7dcf: startup date [Thu Nov 09 16:12:19 CST 2017]; root of context hierarchy
2017-11-09 16:12:21.034  INFO 7696 --- [main] s.w.s.m.m.a.RequestMappingHandlerMapping : Mapped "{[/error],produces=[application/json;charset=UTF-8]}" onto public com.teeny.wms.app.model.ResponseEntity com.teeny.wms.app.exception.handler.HttpExceptionHandler.error()
2017-11-09 16:12:21.038  INFO 7696 --- [main] s.w.s.m.m.a.RequestMappingHandlerMapping : Mapped "{[/api/transfer/update],methods=[POST]}" onto com.teeny.wms.app.model.ResponseEntity<com.teeny.wms.web.model.EmptyEntity> com.teeny.wms.web.controller.AllotController.update(com.teeny.wms.web.model.request.AllotListRequestEntity,java.lang.String)
2017-11-09 16:12:21.038  INFO 7696 --- [main] s.w.s.m.m.a.RequestMappingHandlerMapping : Mapped "{[/api/transfer/updateAll],methods=[POST]}" onto com.teeny.wms.app.model.ResponseEntity<com.teeny.wms.web.model.EmptyEntity> com.teeny.wms.web.controller.AllotController.complete(java.util.List<java.lang.Integer>,java.lang.String)
2017-11-09 16:12:21.038  INFO 7696 --- [main] s.w.s.m.m.a.RequestMappingHandlerMapping : Mapped "{[/api/transfer/list],methods=[GET]}" onto com.teeny.wms.app.model.ResponseEntity<java.util.List<com.teeny.wms.web.model.response.AllotEntity>> com.teeny.wms.web.controller.AllotController.getList(java.lang.String,java.lang.String,int,int,java.lang.String)
2017-11-09 16:12:21.039  INFO 7696 --- [main] s.w.s.m.m.a.RequestMappingHandlerMapping : Mapped "{[/api/transfer/warehouseList],methods=[GET]}" onto com.teeny.wms.app.model.ResponseEntity<java.util.List<com.teeny.wms.app.model.KeyValueEntity>> com.teeny.wms.web.controller.AllotController.getWarehouseList(java.lang.String)
2017-11-09 16:12:21.039  INFO 7696 --- [main] s.w.s.m.m.a.RequestMappingHandlerMapping : Mapped "{[/api/transfer/billList],methods=[GET]}" onto com.teeny.wms.app.model.ResponseEntity<java.util.List<com.teeny.wms.app.model.KeyValueEntity>> com.teeny.wms.web.controller.AllotController.getDocumentList(int,int,java.lang.String)
2017-11-09 16:12:21.039  INFO 7696 --- [main] s.w.s.m.m.a.RequestMappingHandlerMapping : Mapped "{[/api/transfer/getLocations/{id}],methods=[GET]}" onto com.teeny.wms.app.model.ResponseEntity<java.util.List<com.teeny.wms.web.model.response.AllocationEntity>> com.teeny.wms.web.controller.AllotController.getLocations(int,java.lang.String)
2017-11-09 16:12:21.039  INFO 7696 --- [main] s.w.s.m.m.a.RequestMappingHandlerMapping : Mapped "{[/api/transfer/saList/{id}],methods=[GET]}" onto com.teeny.wms.app.model.ResponseEntity<java.util.List<com.teeny.wms.app.model.KeyValueEntity>> com.teeny.wms.web.controller.AllotController.getAreaList(int,java.lang.String)
2017-11-09 16:12:21.039  INFO 7696 --- [main] s.w.s.m.m.a.RequestMappingHandlerMapping : Mapped "{[/api/transfer/updateOne],methods=[POST]}" onto com.teeny.wms.app.model.ResponseEntity<com.teeny.wms.web.model.EmptyEntity> com.teeny.wms.web.controller.AllotController.single(int,java.lang.String)
2017-11-09 16:12:21.039  INFO 7696 --- [main] s.w.s.m.m.a.RequestMappingHandlerMapping : Mapped "{[/api/transfer/goodsCode],methods=[GET]}" onto com.teeny.wms.app.model.ResponseEntity<java.util.List<com.teeny.wms.app.model.KeyValueEntity>> com.teeny.wms.web.controller.AllotController.getGoodsList(java.lang.String,int,int)
2017-11-09 16:12:21.040  INFO 7696 --- [main] s.w.s.m.m.a.RequestMappingHandlerMapping : Mapped "{[/log/test],methods=[GET]}" onto public com.teeny.wms.app.model.ResponseEntity<com.teeny.wms.web.model.EmptyEntity> com.teeny.wms.web.controller.CommonController.test()
2017-11-09 16:12:21.042  INFO 7696 --- [main] s.w.s.m.m.a.RequestMappingHandlerMapping : Mapped "{[/api/home/username],methods=[GET]}" onto public com.teeny.wms.app.model.ResponseEntity<java.lang.String> com.teeny.wms.web.controller.CommonController.getUsername()
2017-11-09 16:12:21.042  INFO 7696 --- [main] s.w.s.m.m.a.RequestMappingHandlerMapping : Mapped "{[/api/common/historyLocation],methods=[GET]}" onto public com.teeny.wms.app.model.ResponseEntity<java.util.List<com.teeny.wms.app.model.StringMapEntity>> com.teeny.wms.web.controller.CommonController.getHistoryLocation(java.lang.String,int)
2017-11-09 16:12:21.043  INFO 7696 --- [main] s.w.s.m.m.a.RequestMappingHandlerMapping : Mapped "{[/api/home/warehouseList],methods=[GET]}" onto public com.teeny.wms.app.model.ResponseEntity<java.util.List<com.teeny.wms.app.model.KeyValueEntity>> com.teeny.wms.web.controller.CommonController.getWarehouseList(java.lang.String)
2017-11-09 16:12:21.043  INFO 7696 --- [main] s.w.s.m.m.a.RequestMappingHandlerMapping : Mapped "{[/api/home/documentList],methods=[GET]}" onto public com.teeny.wms.app.model.ResponseEntity<com.teeny.wms.web.model.response.DocumentResponseEntity> com.teeny.wms.web.controller.CommonController.getDocumentInfo(java.lang.String,int)
2017-11-09 16:12:21.045  INFO 7696 --- [main] s.w.s.m.m.a.RequestMappingHandlerMapping : Mapped "{[/api/warehouseFirst/addInventory || /api/shopFirst/addInventory || /api/secondInventory/addInventory],methods=[PUT]}" onto public com.teeny.wms.app.model.ResponseEntity<com.teeny.wms.web.model.EmptyEntity> com.teeny.wms.web.controller.InventoryController.add(javax.servlet.http.HttpServletRequest,com.teeny.wms.web.model.request.InventoryAddRequestEntity,java.lang.String,int)
2017-11-09 16:12:21.045  INFO 7696 --- [main] s.w.s.m.m.a.RequestMappingHandlerMapping : Mapped "{[/api/warehouseFirst/complete || /api/shopFirst/complete || /api/secondInventory/complete],methods=[POST]}" onto public com.teeny.wms.app.model.ResponseEntity<com.teeny.wms.web.model.EmptyEntity> com.teeny.wms.web.controller.InventoryController.complete(java.util.List<java.lang.Integer>,java.lang.String)
2017-11-09 16:12:21.045  INFO 7696 --- [main] s.w.s.m.m.a.RequestMappingHandlerMapping : Mapped "{[/api/warehouseFirst/edit || /api/shopFirst/edit || /api/secondInventory/edit],methods=[POST]}" onto public com.teeny.wms.app.model.ResponseEntity<com.teeny.wms.web.model.EmptyEntity> com.teeny.wms.web.controller.InventoryController.edit(com.teeny.wms.web.model.request.InventoryRequestEntity,java.lang.String)
2017-11-09 16:12:21.045  INFO 7696 --- [main] s.w.s.m.m.a.RequestMappingHandlerMapping : Mapped "{[/api/warehouseFirst/pdType || /api/shopFirst/pdType || /api/secondInventory/pdType],methods=[GET]}" onto public com.teeny.wms.app.model.ResponseEntity<java.util.List<com.teeny.wms.app.model.KeyValueEntity>> com.teeny.wms.web.controller.InventoryController.getPdType(javax.servlet.http.HttpServletRequest,java.lang.String,int)
2017-11-09 16:12:21.045  INFO 7696 --- [main] s.w.s.m.m.a.RequestMappingHandlerMapping : Mapped "{[/api/warehouseFirst/getList || /api/shopFirst/getList || /api/secondInventory/getList],methods=[GET]}" onto public com.teeny.wms.app.model.ResponseEntity<java.util.List<com.teeny.wms.web.model.response.InventoryGoodsEntity>> com.teeny.wms.web.controller.InventoryController.getInventoryList(javax.servlet.http.HttpServletRequest,int,java.lang.String)
2017-11-09 16:12:21.046  INFO 7696 --- [main] s.w.s.m.m.a.RequestMappingHandlerMapping : Mapped "{[/api/warehouseFirst/getLotList || /api/shopFirst/getLotList || /api/secondInventory/getLotList],methods=[GET]}" onto public com.teeny.wms.app.model.ResponseEntity<java.util.List<com.teeny.wms.web.model.request.LotEntity>> com.teeny.wms.web.controller.InventoryController.getLotList(int,java.lang.String)
2017-11-09 16:12:21.046  INFO 7696 --- [main] s.w.s.m.m.a.RequestMappingHandlerMapping : Mapped "{[/api/warehouseFirst/single || /api/shopFirst/single || /api/secondInventory/single],methods=[POST]}" onto public com.teeny.wms.app.model.ResponseEntity<java.lang.Integer> com.teeny.wms.web.controller.InventoryController.single(int,java.lang.String)
2017-11-09 16:12:21.048  INFO 7696 --- [main] s.w.s.m.m.a.RequestMappingHandlerMapping : Mapped "{[/api/shelve/all],methods=[POST]}" onto public com.teeny.wms.app.model.ResponseEntity<com.teeny.wms.web.model.EmptyEntity> com.teeny.wms.web.controller.PutawayController.all(java.util.List<java.lang.Integer>,java.lang.String)
2017-11-09 16:12:21.048  INFO 7696 --- [main] s.w.s.m.m.a.RequestMappingHandlerMapping : Mapped "{[/api/shelve/update],methods=[POST]}" onto public com.teeny.wms.app.model.ResponseEntity<com.teeny.wms.web.model.EmptyEntity> com.teeny.wms.web.controller.PutawayController.update(com.teeny.wms.web.model.request.AllotListRequestEntity,java.lang.String)
2017-11-09 16:12:21.050  INFO 7696 --- [main] s.w.s.m.m.a.RequestMappingHandlerMapping : Mapped "{[/api/shelve/goodsDetailList/{orderNo}],methods=[GET]}" onto public com.teeny.wms.app.model.ResponseEntity<java.util.List<com.teeny.wms.web.model.response.PutawayEntity>> com.teeny.wms.web.controller.PutawayController.getGoodsDetailList(java.lang.String,java.lang.String)
2017-11-09 16:12:21.050  INFO 7696 --- [main] s.w.s.m.m.a.RequestMappingHandlerMapping : Mapped "{[/api/shelve/billList/{saId}],methods=[GET]}" onto public com.teeny.wms.app.model.ResponseEntity<java.util.List<com.teeny.wms.app.model.KeyValueEntity>> com.teeny.wms.web.controller.PutawayController.getOrderNoList(int,java.lang.String,int)
2017-11-09 16:12:21.050  INFO 7696 --- [main] s.w.s.m.m.a.RequestMappingHandlerMapping : Mapped "{[/api/shelve/single],methods=[POST]}" onto public com.teeny.wms.app.model.ResponseEntity<com.teeny.wms.web.model.EmptyEntity> com.teeny.wms.web.controller.PutawayController.single(int,java.lang.String)
2017-11-09 16:12:21.050  INFO 7696 --- [main] s.w.s.m.m.a.RequestMappingHandlerMapping : Mapped "{[/api/shelve/locationList/{id}],methods=[GET]}" onto public com.teeny.wms.app.model.ResponseEntity<java.util.List<com.teeny.wms.web.model.response.AllocationEntity>> com.teeny.wms.web.controller.PutawayController.getLocationList(int,java.lang.String)
2017-11-09 16:12:21.050  INFO 7696 --- [main] s.w.s.m.m.a.RequestMappingHandlerMapping : Mapped "{[/api/shelve/saList],methods=[GET]}" onto public com.teeny.wms.app.model.ResponseEntity<java.util.List<com.teeny.wms.app.model.KeyValueEntity>> com.teeny.wms.web.controller.PutawayController.getSaList(java.lang.String,int)
2017-11-09 16:12:21.051  INFO 7696 --- [main] s.w.s.m.m.a.RequestMappingHandlerMapping : Mapped "{[/api/acceptance/complete],methods=[POST]}" onto public com.teeny.wms.app.model.ResponseEntity<com.teeny.wms.web.model.EmptyEntity> com.teeny.wms.web.controller.ReceivingController.complete(java.lang.String,com.teeny.wms.web.model.request.ReceivingRequestEntity)
2017-11-09 16:12:21.051  INFO 7696 --- [main] s.w.s.m.m.a.RequestMappingHandlerMapping : Mapped "{[/api/acceptance/detail],methods=[GET]}" onto public com.teeny.wms.app.model.ResponseEntity<java.util.List<com.teeny.wms.web.model.response.ReceivingEntity>> com.teeny.wms.web.controller.ReceivingController.getDetailByOrderNo(java.lang.String,java.lang.String)
2017-11-09 16:12:21.052  INFO 7696 --- [main] s.w.s.m.m.a.RequestMappingHandlerMapping : Mapped "{[/api/acceptance/detail/{id}],methods=[GET]}" onto public com.teeny.wms.app.model.ResponseEntity<java.util.List<com.teeny.wms.web.model.response.ReceivingEntity>> com.teeny.wms.web.controller.ReceivingController.getDetailByUnitId(java.lang.String,int)
2017-11-09 16:12:21.052  INFO 7696 --- [main] s.w.s.m.m.a.RequestMappingHandlerMapping : Mapped "{[/api/acceptance/lots/{id}],methods=[GET]}" onto public com.teeny.wms.app.model.ResponseEntity<java.util.List<com.teeny.wms.web.model.response.ReceivingLotEntity>> com.teeny.wms.web.controller.ReceivingController.getLotList(java.lang.String,int)
2017-11-09 16:12:21.052  INFO 7696 --- [main] s.w.s.m.m.a.RequestMappingHandlerMapping : Mapped "{[/api/acceptance/unit],methods=[GET]}" onto public com.teeny.wms.app.model.ResponseEntity<java.util.List<com.teeny.wms.app.model.KeyValueEntity>> com.teeny.wms.web.controller.ReceivingController.getUnitList(java.lang.String,int)
2017-11-09 16:12:21.053  INFO 7696 --- [main] s.w.s.m.m.a.RequestMappingHandlerMapping : Mapped "{[/api/recheck/exWarehouseReview/{billNo}],methods=[GET]}" onto public com.teeny.wms.app.model.ResponseEntity<com.teeny.wms.web.model.response.ExWarehouseReviewEntity> com.teeny.wms.web.controller.ReviewController.detail(java.lang.String,java.lang.String)
2017-11-09 16:12:21.053  INFO 7696 --- [main] s.w.s.m.m.a.RequestMappingHandlerMapping : Mapped "{[/api/recheck/complete],methods=[POST]}" onto public com.teeny.wms.app.model.ResponseEntity<com.teeny.wms.web.model.EmptyEntity> com.teeny.wms.web.controller.ReviewController.complete(com.teeny.wms.web.model.request.ExWarehouseReviewRequestEntity,java.lang.String)
2017-11-09 16:12:21.053  INFO 7696 --- [main] s.w.s.m.m.a.RequestMappingHandlerMapping : Mapped "{[/api/recheck/replenishment],methods=[GET]}" onto public com.teeny.wms.app.model.ResponseEntity<java.lang.Integer> com.teeny.wms.web.controller.ReviewController.getReplenishmentCount(java.lang.String,int)
2017-11-09 16:12:21.053  INFO 7696 --- [main] s.w.s.m.m.a.RequestMappingHandlerMapping : Mapped "{[/api/recheck/bills],methods=[GET]}" onto public com.teeny.wms.app.model.ResponseEntity<java.util.List<com.teeny.wms.app.model.KeyValueEntity>> com.teeny.wms.web.controller.ReviewController.getBillList(java.lang.String,int)
2017-11-09 16:12:21.053  INFO 7696 --- [main] s.w.s.m.m.a.RequestMappingHandlerMapping : Mapped "{[/api/recheck/recipients],methods=[GET]}" onto public com.teeny.wms.app.model.ResponseEntity<java.util.List<com.teeny.wms.web.model.response.RecipientEntity>> com.teeny.wms.web.controller.ReviewController.getRecipient(java.lang.String,int)
2017-11-09 16:12:21.054  INFO 7696 --- [main] s.w.s.m.m.a.RequestMappingHandlerMapping : Mapped "{[/log/accountSets],methods=[GET]}" onto public com.teeny.wms.app.model.ResponseEntity<java.util.List<com.teeny.wms.app.model.StringMapEntity>> com.teeny.wms.web.controller.SignController.getAccountSet()
2017-11-09 16:12:21.054  INFO 7696 --- [main] s.w.s.m.m.a.RequestMappingHandlerMapping : Mapped "{[/logout],methods=[POST]}" onto public com.teeny.wms.app.model.ResponseEntity<com.teeny.wms.web.model.EmptyEntity> com.teeny.wms.web.controller.SignController.logout()
2017-11-09 16:12:21.054  INFO 7696 --- [main] s.w.s.m.m.a.RequestMappingHandlerMapping : Mapped "{[/oauth/token],methods=[GET]}" onto public com.teeny.wms.app.model.ResponseEntity<com.teeny.wms.web.model.UserEntity> com.teeny.wms.web.controller.SignController.refreshToken()
2017-11-09 16:12:21.054  INFO 7696 --- [main] s.w.s.m.m.a.RequestMappingHandlerMapping : Mapped "{[/login],methods=[POST]}" onto public com.teeny.wms.app.model.ResponseEntity<com.teeny.wms.web.model.UserEntity> com.teeny.wms.web.controller.SignController.login()
2017-11-09 16:12:21.055  INFO 7696 --- [main] s.w.s.m.m.a.RequestMappingHandlerMapping : Mapped "{[/api/productsInventory/add],methods=[PUT]}" onto public com.teeny.wms.app.model.ResponseEntity<com.teeny.wms.web.model.EmptyEntity> com.teeny.wms.web.controller.SKUController.add(com.teeny.wms.web.model.request.SKUAddRequestEntity,java.lang.String,int)
2017-11-09 16:12:21.055  INFO 7696 --- [main] s.w.s.m.m.a.RequestMappingHandlerMapping : Mapped "{[/api/productsInventory/update],methods=[POST]}" onto public com.teeny.wms.app.model.ResponseEntity<com.teeny.wms.web.model.EmptyEntity> com.teeny.wms.web.controller.SKUController.save(com.teeny.wms.web.model.request.SKUAddRequestEntity,java.lang.String,int)
2017-11-09 16:12:21.055  INFO 7696 --- [main] s.w.s.m.m.a.RequestMappingHandlerMapping : Mapped "{[/api/productsInventory/getList],methods=[GET]}" onto com.teeny.wms.app.model.ResponseEntity<java.util.List<com.teeny.wms.web.model.response.SKUEntity>> com.teeny.wms.web.controller.SKUController.getList(int,java.lang.String,java.lang.String,java.lang.String)
2017-11-09 16:12:21.055  INFO 7696 --- [main] s.w.s.m.m.a.RequestMappingHandlerMapping : Mapped "{[/api/productsInventory/detail],methods=[GET]}" onto public com.teeny.wms.app.model.ResponseEntity<com.teeny.wms.web.model.response.GoodsDetailEntity> com.teeny.wms.web.controller.SKUController.getGoodsDetail(java.lang.String,java.lang.String)
2017-11-09 16:12:21.071  INFO 7696 --- [main] o.s.w.s.handler.SimpleUrlHandlerMapping  : Mapped URL path [/webjars/**] onto handler of type [class org.springframework.web.servlet.resource.ResourceHttpRequestHandler]
2017-11-09 16:12:21.071  INFO 7696 --- [main] o.s.w.s.handler.SimpleUrlHandlerMapping  : Mapped URL path [/**] onto handler of type [class org.springframework.web.servlet.resource.ResourceHttpRequestHandler]
2017-11-09 16:12:21.081  INFO 7696 --- [main] .m.m.a.ExceptionHandlerExceptionResolver : Detected @ExceptionHandler methods in appExceptionHandler
2017-11-09 16:12:21.092  INFO 7696 --- [main] o.s.w.s.handler.SimpleUrlHandlerMapping  : Mapped URL path [/**/favicon.ico] onto handler of type [class org.springframework.web.servlet.resource.ResourceHttpRequestHandler]
2017-11-09 16:12:21.265 DEBUG 7696 --- [main] eGlobalAuthenticationAutowiredConfigurer : Eagerly initializing {org.springframework.boot.autoconfigure.security.SpringBootWebSecurityConfiguration=org.springframework.boot.autoconfigure.security.SpringBootWebSecurityConfiguration$$EnhancerBySpringCGLIB$$7e875a4b@2c47a053}
2017-11-09 16:12:21.370  INFO 7696 --- [main] o.s.s.web.DefaultSecurityFilterChain     : Creating filter chain: OrRequestMatcher [requestMatchers=[Ant [pattern='/css/**'], Ant [pattern='/js/**'], Ant [pattern='/images/**'], Ant [pattern='/webjars/**'], Ant [pattern='/**/favicon.ico'], Ant [pattern='/error']]], []
2017-11-09 16:12:21.398  INFO 7696 --- [main] o.s.s.web.DefaultSecurityFilterChain     : Creating filter chain: org.springframework.boot.autoconfigure.security.SpringBootWebSecurityConfiguration$ApplicationNoWebSecurityConfigurerAdapter$1@12567179, [org.springframework.security.web.context.request.async.WebAsyncManagerIntegrationFilter@37d699a1, org.springframework.security.web.context.SecurityContextPersistenceFilter@44faa4f2, org.springframework.security.web.header.HeaderWriterFilter@15a8cebd, org.springframework.security.web.csrf.CsrfFilter@29bd85db, org.springframework.security.web.authentication.logout.LogoutFilter@200d1a3d, org.springframework.security.web.savedrequest.RequestCacheAwareFilter@1216eb3f, org.springframework.security.web.servletapi.SecurityContextHolderAwareRequestFilter@3af236d0, org.springframework.security.web.authentication.AnonymousAuthenticationFilter@7f42b194, org.springframework.security.web.session.SessionManagementFilter@3cc3f13e, org.springframework.security.web.access.ExceptionTranslationFilter@25c1f5ee]
2017-11-09 16:12:21.488  INFO 7696 --- [main] o.s.j.e.a.AnnotationMBeanExporter        : Registering beans for JMX exposure on startup
2017-11-09 16:12:21.488  INFO 7696 --- [main] o.s.j.e.a.AnnotationMBeanExporter        : Bean with name 'statFilter' has been autodetected for JMX exposure
2017-11-09 16:12:21.489  INFO 7696 --- [main] o.s.j.e.a.AnnotationMBeanExporter        : Bean with name 'dataSource' has been autodetected for JMX exposure
2017-11-09 16:12:21.492  INFO 7696 --- [main] o.s.j.e.a.AnnotationMBeanExporter        : Located MBean 'dataSource': registering with JMX server as MBean [com.alibaba.druid.spring.boot.autoconfigure:name=dataSource,type=DruidDataSourceWrapper]
2017-11-09 16:12:21.493  INFO 7696 --- [main] o.s.j.e.a.AnnotationMBeanExporter        : Located MBean 'statFilter': registering with JMX server as MBean [com.alibaba.druid.filter.stat:name=statFilter,type=StatFilter]
2017-11-09 16:12:21.522  INFO 7696 --- [main] s.b.c.e.t.TomcatEmbeddedServletContainer : Tomcat started on port(s): 8080 (http)
2017-11-09 16:12:21.524  INFO 7696 --- [main] com.teeny.wms.WmsApplication             : server started.
2017-11-09 16:12:21.525  INFO 7696 --- [main] com.teeny.wms.WmsApplication             : Started WmsApplication in 2.427 seconds (JVM running for 2.871)
2017-11-09 16:18:49.408  INFO 7696 --- [http-nio-192.168.1.3-8080-exec-1] o.a.c.c.C.[Tomcat].[localhost].[/wms]    : Initializing Spring FrameworkServlet 'dispatcherServlet'
2017-11-09 16:18:49.409  INFO 7696 --- [http-nio-192.168.1.3-8080-exec-1] o.s.web.servlet.DispatcherServlet        : FrameworkServlet 'dispatcherServlet': initialization started
2017-11-09 16:18:49.426  INFO 7696 --- [http-nio-192.168.1.3-8080-exec-1] o.s.web.servlet.DispatcherServlet        : FrameworkServlet 'dispatcherServlet': initialization completed in 17 ms
2017-11-09 16:18:49.435 DEBUG 7696 --- [http-nio-192.168.1.3-8080-exec-1] o.s.s.web.util.matcher.OrRequestMatcher  : Trying to match using Ant [pattern='/css/**']
2017-11-09 16:18:49.435 DEBUG 7696 --- [http-nio-192.168.1.3-8080-exec-1] o.s.s.w.u.matcher.AntPathRequestMatcher  : Checking match of request : '/oauth/token'; against '/css/**'
2017-11-09 16:18:49.435 DEBUG 7696 --- [http-nio-192.168.1.3-8080-exec-1] o.s.s.web.util.matcher.OrRequestMatcher  : Trying to match using Ant [pattern='/js/**']
2017-11-09 16:18:49.435 DEBUG 7696 --- [http-nio-192.168.1.3-8080-exec-1] o.s.s.w.u.matcher.AntPathRequestMatcher  : Checking match of request : '/oauth/token'; against '/js/**'
2017-11-09 16:18:49.435 DEBUG 7696 --- [http-nio-192.168.1.3-8080-exec-1] o.s.s.web.util.matcher.OrRequestMatcher  : Trying to match using Ant [pattern='/images/**']
2017-11-09 16:18:49.435 DEBUG 7696 --- [http-nio-192.168.1.3-8080-exec-1] o.s.s.w.u.matcher.AntPathRequestMatcher  : Checking match of request : '/oauth/token'; against '/images/**'
2017-11-09 16:18:49.435 DEBUG 7696 --- [http-nio-192.168.1.3-8080-exec-1] o.s.s.web.util.matcher.OrRequestMatcher  : Trying to match using Ant [pattern='/webjars/**']
2017-11-09 16:18:49.435 DEBUG 7696 --- [http-nio-192.168.1.3-8080-exec-1] o.s.s.w.u.matcher.AntPathRequestMatcher  : Checking match of request : '/oauth/token'; against '/webjars/**'
2017-11-09 16:18:49.435 DEBUG 7696 --- [http-nio-192.168.1.3-8080-exec-1] o.s.s.web.util.matcher.OrRequestMatcher  : Trying to match using Ant [pattern='/**/favicon.ico']
2017-11-09 16:18:49.435 DEBUG 7696 --- [http-nio-192.168.1.3-8080-exec-1] o.s.s.w.u.matcher.AntPathRequestMatcher  : Checking match of request : '/oauth/token'; against '/**/favicon.ico'
2017-11-09 16:18:49.435 DEBUG 7696 --- [http-nio-192.168.1.3-8080-exec-1] o.s.s.web.util.matcher.OrRequestMatcher  : Trying to match using Ant [pattern='/error']
2017-11-09 16:18:49.435 DEBUG 7696 --- [http-nio-192.168.1.3-8080-exec-1] o.s.s.w.u.matcher.AntPathRequestMatcher  : Checking match of request : '/oauth/token'; against '/error'
2017-11-09 16:18:49.435 DEBUG 7696 --- [http-nio-192.168.1.3-8080-exec-1] o.s.s.web.util.matcher.OrRequestMatcher  : No matches found
2017-11-09 16:18:49.435 DEBUG 7696 --- [http-nio-192.168.1.3-8080-exec-1] o.s.security.web.FilterChainProxy        : /oauth/token?username=222@yyt&password=333&client_id=wms&grant_type=password has no matching filters
